1525407043.540141 client started (24395): version 2.6, socket /tmp/tmux-1000/default, protocol 8
1525407043.540189 on Linux 4.15.0-20-generic #21-Ubuntu SMP Tue Apr 24 06:16:15 UTC 2018; libevent 2.1.8-stable (poll)
1525407043.540228 socket is /tmp/tmux-1000/default
1525407043.540249 trying connect
1525407043.540379 add peer 0x562f53c2f2a0: 6 ((nil))
1525407043.540481 sending message 100 to peer 0x562f53c2f2a0 (4 bytes)
1525407043.540502 sending message 101 to peer 0x562f53c2f2a0 (15 bytes)
1525407043.540512 sending message 102 to peer 0x562f53c2f2a0 (11 bytes)
1525407043.540522 sending message 108 to peer 0x562f53c2f2a0 (25 bytes)
1525407043.540532 sending message 104 to peer 0x562f53c2f2a0 (0 bytes)
1525407043.540543 sending message 107 to peer 0x562f53c2f2a0 (4 bytes)
1525407043.540554 sending message 105 to peer 0x562f53c2f2a0 (15 bytes)
1525407043.540564 sending message 105 to peer 0x562f53c2f2a0 (20 bytes)
1525407043.540573 sending message 105 to peer 0x562f53c2f2a0 (98 bytes)
1525407043.540583 sending message 105 to peer 0x562f53c2f2a0 (51 bytes)
1525407043.540592 sending message 105 to peer 0x562f53c2f2a0 (23 bytes)
1525407043.540602 sending message 105 to peer 0x562f53c2f2a0 (11 bytes)
1525407043.540610 sending message 105 to peer 0x562f53c2f2a0 (52 bytes)
1525407043.540619 sending message 105 to peer 0x562f53c2f2a0 (25 bytes)
1525407043.540629 sending message 105 to peer 0x562f53c2f2a0 (16 bytes)
1525407043.540643 sending message 105 to peer 0x562f53c2f2a0 (22 bytes)
1525407043.540657 sending message 105 to peer 0x562f53c2f2a0 (21 bytes)
1525407043.540667 sending message 105 to peer 0x562f53c2f2a0 (22 bytes)
1525407043.540677 sending message 105 to peer 0x562f53c2f2a0 (28 bytes)
1525407043.540686 sending message 105 to peer 0x562f53c2f2a0 (33 bytes)
1525407043.540695 sending message 105 to peer 0x562f53c2f2a0 (31 bytes)
1525407043.540705 sending message 105 to peer 0x562f53c2f2a0 (31 bytes)
1525407043.540714 sending message 105 to peer 0x562f53c2f2a0 (17 bytes)
1525407043.540724 sending message 105 to peer 0x562f53c2f2a0 (10 bytes)
1525407043.540733 sending message 105 to peer 0x562f53c2f2a0 (13 bytes)
1525407043.540742 sending message 105 to peer 0x562f53c2f2a0 (54 bytes)
1525407043.540751 sending message 105 to peer 0x562f53c2f2a0 (50 bytes)
1525407043.540760 sending message 105 to peer 0x562f53c2f2a0 (48 bytes)
1525407043.540769 sending message 105 to peer 0x562f53c2f2a0 (459 bytes)
1525407043.540783 sending message 105 to peer 0x562f53c2f2a0 (13 bytes)
1525407043.540792 sending message 105 to peer 0x562f53c2f2a0 (25 bytes)
1525407043.540801 sending message 105 to peer 0x562f53c2f2a0 (19 bytes)
1525407043.540810 sending message 105 to peer 0x562f53c2f2a0 (30 bytes)
1525407043.540819 sending message 105 to peer 0x562f53c2f2a0 (90 bytes)
1525407043.540829 sending message 105 to peer 0x562f53c2f2a0 (16 bytes)
1525407043.540838 sending message 105 to peer 0x562f53c2f2a0 (50 bytes)
1525407043.540847 sending message 105 to peer 0x562f53c2f2a0 (8 bytes)
1525407043.540856 sending message 105 to peer 0x562f53c2f2a0 (20 bytes)
1525407043.540865 sending message 105 to peer 0x562f53c2f2a0 (48 bytes)
1525407043.540875 sending message 105 to peer 0x562f53c2f2a0 (20 bytes)
1525407043.540884 sending message 105 to peer 0x562f53c2f2a0 (10 bytes)
1525407043.540893 sending message 105 to peer 0x562f53c2f2a0 (18 bytes)
1525407043.540902 sending message 105 to peer 0x562f53c2f2a0 (34 bytes)
1525407043.540918 sending message 105 to peer 0x562f53c2f2a0 (29 bytes)
1525407043.540930 sending message 105 to peer 0x562f53c2f2a0 (94 bytes)
1525407043.540939 sending message 105 to peer 0x562f53c2f2a0 (24 bytes)
1525407043.540949 sending message 105 to peer 0x562f53c2f2a0 (83 bytes)
1525407043.540959 sending message 105 to peer 0x562f53c2f2a0 (31 bytes)
1525407043.540968 sending message 105 to peer 0x562f53c2f2a0 (15 bytes)
1525407043.540977 sending message 105 to peer 0x562f53c2f2a0 (52 bytes)
1525407043.540986 sending message 105 to peer 0x562f53c2f2a0 (23 bytes)
1525407043.540995 sending message 105 to peer 0x562f53c2f2a0 (24 bytes)
1525407043.541004 sending message 105 to peer 0x562f53c2f2a0 (17 bytes)
1525407043.541026 sending message 105 to peer 0x562f53c2f2a0 (58 bytes)
1525407043.541036 sending message 105 to peer 0x562f53c2f2a0 (21 bytes)
1525407043.541045 sending message 105 to peer 0x562f53c2f2a0 (11 bytes)
1525407043.541054 sending message 105 to peer 0x562f53c2f2a0 (32 bytes)
1525407043.541064 sending message 105 to peer 0x562f53c2f2a0 (30 bytes)
1525407043.541098 sending message 105 to peer 0x562f53c2f2a0 (15 bytes)
1525407043.541111 sending message 105 to peer 0x562f53c2f2a0 (36 bytes)
1525407043.541121 sending message 105 to peer 0x562f53c2f2a0 (53 bytes)
1525407043.541131 sending message 105 to peer 0x562f53c2f2a0 (44 bytes)
1525407043.541141 sending message 105 to peer 0x562f53c2f2a0 (28 bytes)
1525407043.541150 sending message 105 to peer 0x562f53c2f2a0 (44 bytes)
1525407043.541159 sending message 105 to peer 0x562f53c2f2a0 (30 bytes)
1525407043.541168 sending message 105 to peer 0x562f53c2f2a0 (61 bytes)
1525407043.541177 sending message 105 to peer 0x562f53c2f2a0 (51 bytes)
1525407043.541187 sending message 105 to peer 0x562f53c2f2a0 (11 bytes)
1525407043.541196 sending message 105 to peer 0x562f53c2f2a0 (11 bytes)
1525407043.541205 sending message 105 to peer 0x562f53c2f2a0 (8 bytes)
1525407043.541214 sending message 105 to peer 0x562f53c2f2a0 (21 bytes)
1525407043.541224 sending message 105 to peer 0x562f53c2f2a0 (32 bytes)
1525407043.541234 sending message 105 to peer 0x562f53c2f2a0 (1516 bytes)
1525407043.541246 sending message 105 to peer 0x562f53c2f2a0 (46 bytes)
1525407043.541256 sending message 105 to peer 0x562f53c2f2a0 (16 bytes)
1525407043.541265 sending message 105 to peer 0x562f53c2f2a0 (32 bytes)
1525407043.541275 sending message 105 to peer 0x562f53c2f2a0 (78 bytes)
1525407043.541285 sending message 105 to peer 0x562f53c2f2a0 (16 bytes)
1525407043.541295 sending message 105 to peer 0x562f53c2f2a0 (16 bytes)
1525407043.541306 sending message 106 to peer 0x562f53c2f2a0 (0 bytes)
1525407043.541316 sending message 200 to peer 0x562f53c2f2a0 (4 bytes)
1525407043.541325 client loop enter
1525407043.546298 peer 0x562f53c2f2a0 message 207
1525407043.546339 sending message 208 to peer 0x562f53c2f2a0 (0 bytes)
1525407046.068304 peer 0x562f53c2f2a0 message 203
1525407046.068355 sending message 205 to peer 0x562f53c2f2a0 (0 bytes)
1525407046.069059 peer 0x562f53c2f2a0 message 204
1525407046.069099 client loop exit
