1525406730.842188 client started (23017): version 2.6, socket /tmp/tmux-1000/default, protocol 8
1525406730.842236 on Linux 4.15.0-20-generic #21-Ubuntu SMP Tue Apr 24 06:16:15 UTC 2018; libevent 2.1.8-stable (poll)
1525406730.842275 socket is /tmp/tmux-1000/default
1525406730.842302 trying connect
1525406730.842424 add peer 0x5570ab15b280: 6 ((nil))
1525406730.842550 sending message 100 to peer 0x5570ab15b280 (4 bytes)
1525406730.842571 sending message 101 to peer 0x5570ab15b280 (15 bytes)
1525406730.842582 sending message 102 to peer 0x5570ab15b280 (11 bytes)
1525406730.842592 sending message 108 to peer 0x5570ab15b280 (29 bytes)
1525406730.842611 sending message 104 to peer 0x5570ab15b280 (0 bytes)
1525406730.842623 sending message 107 to peer 0x5570ab15b280 (4 bytes)
1525406730.842638 sending message 105 to peer 0x5570ab15b280 (15 bytes)
1525406730.842649 sending message 105 to peer 0x5570ab15b280 (20 bytes)
1525406730.842659 sending message 105 to peer 0x5570ab15b280 (98 bytes)
1525406730.842670 sending message 105 to peer 0x5570ab15b280 (51 bytes)
1525406730.842680 sending message 105 to peer 0x5570ab15b280 (23 bytes)
1525406730.842689 sending message 105 to peer 0x5570ab15b280 (11 bytes)
1525406730.842698 sending message 105 to peer 0x5570ab15b280 (52 bytes)
1525406730.842712 sending message 105 to peer 0x5570ab15b280 (25 bytes)
1525406730.842723 sending message 105 to peer 0x5570ab15b280 (16 bytes)
1525406730.842737 sending message 105 to peer 0x5570ab15b280 (22 bytes)
1525406730.842749 sending message 105 to peer 0x5570ab15b280 (21 bytes)
1525406730.842759 sending message 105 to peer 0x5570ab15b280 (22 bytes)
1525406730.842773 sending message 105 to peer 0x5570ab15b280 (28 bytes)
1525406730.842782 sending message 105 to peer 0x5570ab15b280 (33 bytes)
1525406730.842796 sending message 105 to peer 0x5570ab15b280 (31 bytes)
1525406730.842806 sending message 105 to peer 0x5570ab15b280 (31 bytes)
1525406730.842815 sending message 105 to peer 0x5570ab15b280 (17 bytes)
1525406730.842825 sending message 105 to peer 0x5570ab15b280 (10 bytes)
1525406730.842834 sending message 105 to peer 0x5570ab15b280 (13 bytes)
1525406730.842845 sending message 105 to peer 0x5570ab15b280 (54 bytes)
1525406730.842854 sending message 105 to peer 0x5570ab15b280 (50 bytes)
1525406730.842864 sending message 105 to peer 0x5570ab15b280 (48 bytes)
1525406730.842873 sending message 105 to peer 0x5570ab15b280 (459 bytes)
1525406730.842887 sending message 105 to peer 0x5570ab15b280 (13 bytes)
1525406730.842896 sending message 105 to peer 0x5570ab15b280 (29 bytes)
1525406730.842907 sending message 105 to peer 0x5570ab15b280 (19 bytes)
1525406730.842917 sending message 105 to peer 0x5570ab15b280 (30 bytes)
1525406730.842926 sending message 105 to peer 0x5570ab15b280 (90 bytes)
1525406730.842935 sending message 105 to peer 0x5570ab15b280 (16 bytes)
1525406730.842945 sending message 105 to peer 0x5570ab15b280 (50 bytes)
1525406730.842954 sending message 105 to peer 0x5570ab15b280 (8 bytes)
1525406730.842965 sending message 105 to peer 0x5570ab15b280 (20 bytes)
1525406730.842974 sending message 105 to peer 0x5570ab15b280 (48 bytes)
1525406730.842984 sending message 105 to peer 0x5570ab15b280 (20 bytes)
1525406730.842993 sending message 105 to peer 0x5570ab15b280 (10 bytes)
1525406730.843006 sending message 105 to peer 0x5570ab15b280 (18 bytes)
1525406730.843016 sending message 105 to peer 0x5570ab15b280 (34 bytes)
1525406730.843033 sending message 105 to peer 0x5570ab15b280 (29 bytes)
1525406730.843045 sending message 105 to peer 0x5570ab15b280 (94 bytes)
1525406730.843055 sending message 105 to peer 0x5570ab15b280 (24 bytes)
1525406730.843064 sending message 105 to peer 0x5570ab15b280 (83 bytes)
1525406730.843073 sending message 105 to peer 0x5570ab15b280 (31 bytes)
1525406730.843083 sending message 105 to peer 0x5570ab15b280 (15 bytes)
1525406730.843093 sending message 105 to peer 0x5570ab15b280 (52 bytes)
1525406730.843102 sending message 105 to peer 0x5570ab15b280 (23 bytes)
1525406730.843117 sending message 105 to peer 0x5570ab15b280 (24 bytes)
1525406730.843127 sending message 105 to peer 0x5570ab15b280 (17 bytes)
1525406730.843152 sending message 105 to peer 0x5570ab15b280 (58 bytes)
1525406730.843162 sending message 105 to peer 0x5570ab15b280 (21 bytes)
1525406730.843171 sending message 105 to peer 0x5570ab15b280 (11 bytes)
1525406730.843185 sending message 105 to peer 0x5570ab15b280 (28 bytes)
1525406730.843194 sending message 105 to peer 0x5570ab15b280 (30 bytes)
1525406730.843231 sending message 105 to peer 0x5570ab15b280 (15 bytes)
1525406730.843244 sending message 105 to peer 0x5570ab15b280 (36 bytes)
1525406730.843254 sending message 105 to peer 0x5570ab15b280 (53 bytes)
1525406730.843264 sending message 105 to peer 0x5570ab15b280 (44 bytes)
1525406730.843274 sending message 105 to peer 0x5570ab15b280 (28 bytes)
1525406730.843283 sending message 105 to peer 0x5570ab15b280 (44 bytes)
1525406730.843292 sending message 105 to peer 0x5570ab15b280 (30 bytes)
1525406730.843302 sending message 105 to peer 0x5570ab15b280 (61 bytes)
1525406730.843311 sending message 105 to peer 0x5570ab15b280 (51 bytes)
1525406730.843321 sending message 105 to peer 0x5570ab15b280 (11 bytes)
1525406730.843330 sending message 105 to peer 0x5570ab15b280 (11 bytes)
1525406730.843340 sending message 105 to peer 0x5570ab15b280 (8 bytes)
1525406730.843349 sending message 105 to peer 0x5570ab15b280 (21 bytes)
1525406730.843358 sending message 105 to peer 0x5570ab15b280 (32 bytes)
1525406730.843369 sending message 105 to peer 0x5570ab15b280 (1516 bytes)
1525406730.843382 sending message 105 to peer 0x5570ab15b280 (46 bytes)
1525406730.843392 sending message 105 to peer 0x5570ab15b280 (16 bytes)
1525406730.843402 sending message 105 to peer 0x5570ab15b280 (32 bytes)
1525406730.843412 sending message 105 to peer 0x5570ab15b280 (78 bytes)
1525406730.843421 sending message 105 to peer 0x5570ab15b280 (16 bytes)
1525406730.843430 sending message 105 to peer 0x5570ab15b280 (16 bytes)
1525406730.843440 sending message 106 to peer 0x5570ab15b280 (0 bytes)
1525406730.843450 sending message 200 to peer 0x5570ab15b280 (4 bytes)
1525406730.843467 client loop enter
1525406730.848312 peer 0x5570ab15b280 message 207
1525406730.848355 sending message 208 to peer 0x5570ab15b280 (0 bytes)
1525406733.121632 peer 0x5570ab15b280 message 203
1525406733.121674 sending message 205 to peer 0x5570ab15b280 (0 bytes)
1525406733.122279 peer 0x5570ab15b280 message 204
1525406733.122317 client loop exit
